<?xml version="1.0" encoding="UTF-8"?>
<testng-results skipped="0" failed="1" total="4" passed="3">
  <reporter-output>
  </reporter-output>
  <suite name="Default suite" duration-ms="7730" started-at="2020-08-12T14:46:03Z" finished-at="2020-08-12T14:46:10Z">
    <groups>
    </groups>
    <test name="Default test" duration-ms="7730" started-at="2020-08-12T14:46:03Z" finished-at="2020-08-12T14:46:10Z">
      <class name="Test.TestScenario">
        <test-method status="PASS" signature="validateStatuscode()[pri:0, instance:Test.TestScenario@1bce4f0a]" name="validateStatuscode" duration-ms="3264" started-at="2020-08-12T20:16:03Z" finished-at="2020-08-12T20:16:06Z">
          <reporter-output>
          </reporter-output>
        </test-method> <!-- validateStatuscode -->
        <test-method status="PASS" signature="validateResponseheader()[pri:0, instance:Test.TestScenario@1bce4f0a]" name="validateResponseheader" duration-ms="1221" started-at="2020-08-12T20:16:06Z" finished-at="2020-08-12T20:16:07Z">
          <reporter-output>
          </reporter-output>
        </test-method> <!-- validateResponseheader -->
        <test-method status="PASS" signature="validateResponsebody()[pri:0, instance:Test.TestScenario@1bce4f0a]" name="validateResponsebody" duration-ms="2120" started-at="2020-08-12T20:16:07Z" finished-at="2020-08-12T20:16:09Z">
          <reporter-output>
          </reporter-output>
        </test-method> <!-- validateResponsebody -->
        <test-method status="FAIL" signature="validateResponsebodywithCompanyname()[pri:0, instance:Test.TestScenario@1bce4f0a]" name="validateResponsebodywithCompanyname" duration-ms="972" started-at="2020-08-12T20:16:09Z" finished-at="2020-08-12T20:16:10Z">
          <exception class="java.lang.AssertionError">
            <message>
              <![CDATA[expected [[IG Infotech]] but found [ABC Infotech]]]>
            </message>
            <full-stacktrace>
              <![CDATA[java.lang.AssertionError: expected [[IG Infotech]] but found [ABC Infotech]
	at org.testng.Assert.fail(Assert.java:94)
	at org.testng.Assert.failNotEquals(Assert.java:496)
	at org.testng.Assert.assertEquals(Assert.java:125)
	at org.testng.Assert.assertEquals(Assert.java:167)
	at Test.TestScenario.validateResponsebodywithCompanyname(TestScenario.java:61)
	at sun.reflect.NativeMethodAccessorImpl.invoke0(Native Method)
	at sun.reflect.NativeMethodAccessorImpl.invoke(NativeMethodAccessorImpl.java:62)
	at sun.reflect.DelegatingMethodAccessorImpl.invoke(DelegatingMethodAccessorImpl.java:43)
	at java.lang.reflect.Method.invoke(Method.java:498)
	at org.testng.internal.MethodInvocationHelper.invokeMethod(MethodInvocationHelper.java:85)
	at org.testng.internal.Invoker.invokeMethod(Invoker.java:639)
	at org.testng.internal.Invoker.invokeTestMethod(Invoker.java:821)
	at org.testng.internal.Invoker.invokeTestMethods(Invoker.java:1131)
	at org.testng.internal.TestMethodWorker.invokeTestMethods(TestMethodWorker.java:124)
	at org.testng.internal.TestMethodWorker.run(TestMethodWorker.java:108)
	at org.testng.TestRunner.privateRun(TestRunner.java:773)
	at org.testng.TestRunner.run(TestRunner.java:623)
	at org.testng.SuiteRunner.runTest(SuiteRunner.java:357)
	at org.testng.SuiteRunner.runSequentially(SuiteRunner.java:352)
	at org.testng.SuiteRunner.privateRun(SuiteRunner.java:310)
	at org.testng.SuiteRunner.run(SuiteRunner.java:259)
	at org.testng.SuiteRunnerWorker.runSuite(SuiteRunnerWorker.java:52)
	at org.testng.SuiteRunnerWorker.run(SuiteRunnerWorker.java:86)
	at org.testng.TestNG.runSuitesSequentially(TestNG.java:1185)
	at org.testng.TestNG.runSuitesLocally(TestNG.java:1110)
	at org.testng.TestNG.run(TestNG.java:1018)
	at org.testng.remote.AbstractRemoteTestNG.run(AbstractRemoteTestNG.java:115)
	at org.testng.remote.RemoteTestNG.initAndRun(RemoteTestNG.java:251)
	at org.testng.remote.RemoteTestNG.main(RemoteTestNG.java:77)
]]>
            </full-stacktrace>
          </exception> <!-- java.lang.AssertionError -->
          <reporter-output>
          </reporter-output>
        </test-method> <!-- validateResponsebodywithCompanyname -->
      </class> <!-- Test.TestScenario -->
    </test> <!-- Default test -->
  </suite> <!-- Default suite -->
</testng-results>
